<?xml version="1.0" encoding="UTF-8"?>
<!-- Generated by org.testng.reporters.JUnitReportReporter -->
<testsuite hostname="DESKTOP-D84TOFF" failures="0" tests="2" name="testCases.HomeLoanTest" time="0.023" errors="0" timestamp="16 Apr 2023 04:30:26 GMT" skipped="0">
  <testcase classname="testCases.HomeLoanTest" name="test2" time="0.013"/>
  <testcase classname="testCases.HomeLoanTest" name="test1" time="0.010"/>
</testsuite> <!-- testCases.HomeLoanTest -->
