<?xml version="1.0" encoding="UTF-8"?>
<!-- Generated by org.testng.reporters.JUnitReportReporter -->
<testsuite hostname="DESKTOP-D84TOFF" failures="0" tests="1" name="testCases.CreditCardTest" time="0.013" errors="0" timestamp="16 Apr 2023 04:30:26 GMT" skipped="0">
  <testcase classname="testCases.CreditCardTest" name="test4" time="0.013"/>
</testsuite> <!-- testCases.CreditCardTest -->
