<?xml version="1.0" encoding="UTF-8"?>
<!-- Generated by org.testng.reporters.JUnitReportReporter -->
<testsuite hostname="DESKTOP-D84TOFF" failures="0" tests="1" name="testCases.CarLoanTest" time="0.013" errors="0" timestamp="16 Apr 2023 04:05:10 GMT" skipped="0">
  <testcase classname="testCases.CarLoanTest" name="test3" time="0.013"/>
</testsuite> <!-- testCases.CarLoanTest -->
