<?xml version="1.0" encoding="UTF-8"?>
<!-- Generated by org.testng.reporters.JUnitReportReporter -->
<testsuite hostname="DESKTOP-D84TOFF" failures="0" tests="1" name="com.simplilearn.TesNGProject.CarLoanTest" time="0.019" errors="0" timestamp="15 Apr 2023 06:31:07 GMT" skipped="0">
  <testcase classname="com.simplilearn.TesNGProject.CarLoanTest" name="test3" time="0.019"/>
</testsuite> <!-- com.simplilearn.TesNGProject.CarLoanTest -->
