<?xml version="1.0" encoding="UTF-8"?>
<!-- Generated by org.testng.reporters.JUnitReportReporter -->
<testsuite skipped="0" hostname="DESKTOP-D84TOFF" name="testCases.HomeLoanTest" tests="2" failures="0" timestamp="16 Apr 2023 04:55:39 GMT" time="0.007" errors="0">
  <testcase name="test2" time="0.004" classname="testCases.HomeLoanTest"/>
  <testcase name="test1" time="0.003" classname="testCases.HomeLoanTest"/>
</testsuite> <!-- testCases.HomeLoanTest -->
